<?xml version="1.0" encoding="UTF-8"?>
<!-- Generated by org.testng.reporters.JUnitReportReporter -->
<testsuite hostname="DESKTOP-ATI7PU9" failures="0" tests="1" name="com.mvn.TS_Login" time="4.951" errors="0" timestamp="2025-08-14T16:04:48 IST" skipped="0">
  <testcase classname="com.mvn.TS_Login" name="test_login" time="4.951"/>
</testsuite> <!-- com.mvn.TS_Login -->
