<?xml version="1.0" encoding="UTF-8"?>
<!-- Generated by org.testng.reporters.JUnitReportReporter -->
<testsuite hostname="DESKTOP-ATI7PU9" failures="0" tests="2" name="com.mvn.AppTest" time="0.057" errors="0" timestamp="2025-08-14T16:04:48 IST" skipped="0">
  <testcase classname="com.mvn.AppTest" name="testLogin1" time="0.055"/>
  <testcase classname="com.mvn.AppTest" name="testLogin2" time="0.002"/>
</testsuite> <!-- com.mvn.AppTest -->
