<?xml version="1.0" encoding="UTF-8"?>
<!-- Generated by org.testng.reporters.JUnitReportReporter -->
<testsuite hostname="DESKTOP-ATI7PU9" failures="0" tests="1" name="com.testng.demo.TestngSample" time="0.144" errors="0" timestamp="2025-08-13T22:29:08 IST" skipped="0">
  <testcase classname="com.testng.demo.TestngSample" name="searchAndAddProduct" time="0.144"/>
</testsuite> <!-- com.testng.demo.TestngSample -->
