<?xml version="1.0" encoding="UTF-8"?>
<!-- Generated by org.testng.reporters.JUnitReportReporter -->
<testsuite hostname="DESKTOP-ATI7PU9" failures="0" tests="1" name="com.testng.TestStudent" time="0.019" errors="0" timestamp="2025-08-13T20:21:12 IST" skipped="0">
  <testcase classname="com.testng.TestStudent" name="testStudentGrade" time="0.019"/>
</testsuite> <!-- com.testng.TestStudent -->
